\BOOKMARK [0][-]{chapter.1}{Einleitung}{}% 1
\BOOKMARK [1][-]{section.1.1}{Aufgabenstellung und Zielsetzung}{chapter.1}% 2
\BOOKMARK [1][-]{section.1.2}{Motivation}{chapter.1}% 3
\BOOKMARK [1][-]{section.1.3}{Aufbau}{chapter.1}% 4
\BOOKMARK [0][-]{chapter.2}{Technologien}{}% 5
\BOOKMARK [1][-]{section.2.1}{Software}{chapter.2}% 6
\BOOKMARK [2][-]{subsection.2.1.1}{OpenCV}{section.2.1}% 7
\BOOKMARK [2][-]{subsection.2.1.2}{scikit-learn}{section.2.1}% 8
\BOOKMARK [2][-]{subsection.2.1.3}{Open3D}{section.2.1}% 9
\BOOKMARK [2][-]{subsection.2.1.4}{PyCapture}{section.2.1}% 10
\BOOKMARK [1][-]{section.2.2}{Hardware}{chapter.2}% 11
\BOOKMARK [2][-]{subsection.2.2.1}{Kamera}{section.2.2}% 12
\BOOKMARK [0][-]{chapter.3}{Bildverarbeitung und Umsetzung}{}% 13
\BOOKMARK [1][-]{section.3.1}{Kalibrierung}{chapter.3}% 14
\BOOKMARK [1][-]{section.3.2}{Fehler\374berpr\374fung}{chapter.3}% 15
\BOOKMARK [1][-]{section.3.3}{Tiefeninformationen}{chapter.3}% 16
\BOOKMARK [1][-]{section.3.4}{Timmos Zeug}{chapter.3}% 17
\BOOKMARK [0][-]{chapter.4}{Experimente}{}% 18
\BOOKMARK [1][-]{section.4.1}{Vereinfachte Kalibrierung}{chapter.4}% 19
\BOOKMARK [1][-]{section.4.2}{Tiefeninformationen}{chapter.4}% 20
\BOOKMARK [0][-]{chapter.5}{Probleme}{}% 21
\BOOKMARK [0][-]{chapter.6}{Fazit}{}% 22
